{"/home/saldfjj/workspace/frontend-project-46/src/index.js": {"path":"/home/saldfjj/workspace/frontend-project-46/src/index.js","all":false,"statementMap":{"0":{"start":{"line":1,"column":0},"end":{"line":1,"column":23}},"1":{"start":{"line":2,"column":0},"end":{"line":2,"column":24}},"2":{"start":{"line":3,"column":0},"end":{"line":3,"column":34}},"3":{"start":{"line":4,"column":0},"end":{"line":4,"column":31}},"4":{"start":{"line":5,"column":0},"end":{"line":5,"column":37}},"5":{"start":{"line":6,"column":0},"end":{"line":6,"column":0}},"6":{"start":{"line":7,"column":0},"end":{"line":7,"column":72}},"7":{"start":{"line":8,"column":0},"end":{"line":8,"column":71}},"8":{"start":{"line":9,"column":0},"end":{"line":9,"column":58}},"9":{"start":{"line":10,"column":0},"end":{"line":10,"column":67}},"10":{"start":{"line":11,"column":0},"end":{"line":11,"column":0}},"11":{"start":{"line":12,"column":0},"end":{"line":12,"column":43}},"12":{"start":{"line":13,"column":0},"end":{"line":13,"column":43}},"13":{"start":{"line":14,"column":0},"end":{"line":14,"column":39}},"14":{"start":{"line":15,"column":0},"end":{"line":15,"column":32}},"15":{"start":{"line":16,"column":0},"end":{"line":16,"column":0}},"16":{"start":{"line":17,"column":0},"end":{"line":17,"column":43}},"17":{"start":{"line":18,"column":0},"end":{"line":18,"column":39}},"18":{"start":{"line":19,"column":0},"end":{"line":19,"column":32}},"19":{"start":{"line":20,"column":0},"end":{"line":20,"column":0}},"20":{"start":{"line":21,"column":0},"end":{"line":21,"column":44}},"21":{"start":{"line":22,"column":0},"end":{"line":22,"column":44}},"22":{"start":{"line":23,"column":0},"end":{"line":23,"column":0}},"23":{"start":{"line":24,"column":0},"end":{"line":24,"column":48}},"24":{"start":{"line":25,"column":0},"end":{"line":25,"column":0}},"25":{"start":{"line":26,"column":0},"end":{"line":26,"column":20}},"26":{"start":{"line":27,"column":0},"end":{"line":27,"column":0}},"27":{"start":{"line":28,"column":0},"end":{"line":28,"column":21}},"28":{"start":{"line":29,"column":0},"end":{"line":29,"column":35}},"29":{"start":{"line":30,"column":0},"end":{"line":30,"column":35}},"30":{"start":{"line":31,"column":0},"end":{"line":31,"column":0}},"31":{"start":{"line":32,"column":0},"end":{"line":32,"column":80}},"32":{"start":{"line":33,"column":0},"end":{"line":33,"column":41}},"33":{"start":{"line":34,"column":0},"end":{"line":34,"column":87}},"34":{"start":{"line":35,"column":0},"end":{"line":35,"column":41}},"35":{"start":{"line":36,"column":0},"end":{"line":36,"column":41}},"36":{"start":{"line":37,"column":0},"end":{"line":37,"column":67}},"37":{"start":{"line":38,"column":0},"end":{"line":38,"column":41}},"38":{"start":{"line":39,"column":0},"end":{"line":39,"column":67}},"39":{"start":{"line":40,"column":0},"end":{"line":40,"column":41}},"40":{"start":{"line":41,"column":0},"end":{"line":41,"column":5}},"41":{"start":{"line":42,"column":0},"end":{"line":42,"column":16}},"42":{"start":{"line":43,"column":0},"end":{"line":43,"column":5}},"43":{"start":{"line":44,"column":0},"end":{"line":44,"column":0}},"44":{"start":{"line":45,"column":0},"end":{"line":45,"column":40}},"45":{"start":{"line":46,"column":0},"end":{"line":46,"column":2}},"46":{"start":{"line":47,"column":0},"end":{"line":47,"column":0}},"47":{"start":{"line":48,"column":0},"end":{"line":48,"column":23}}},"s":{"0":1,"1":1,"2":1,"3":1,"4":1,"5":1,"6":1,"7":1,"8":1,"9":1,"10":1,"11":1,"12":1,"13":1,"14":1,"15":1,"16":1,"17":1,"18":1,"19":1,"20":1,"21":1,"22":1,"23":1,"24":1,"25":1,"26":1,"27":1,"28":5,"29":5,"30":5,"31":5,"32":1,"33":5,"34":1,"35":1,"36":4,"37":2,"38":3,"39":1,"40":1,"41":5,"42":1,"43":1,"44":1,"45":1,"46":1,"47":1},"branchMap":{"0":{"type":"branch","line":7,"loc":{"start":{"line":7,"column":21},"end":{"line":7,"column":71}},"locations":[{"start":{"line":7,"column":21},"end":{"line":7,"column":71}}]},"1":{"type":"branch","line":8,"loc":{"start":{"line":8,"column":26},"end":{"line":8,"column":70}},"locations":[{"start":{"line":8,"column":26},"end":{"line":8,"column":70}}]},"2":{"type":"branch","line":9,"loc":{"start":{"line":9,"column":18},"end":{"line":9,"column":57}},"locations":[{"start":{"line":9,"column":18},"end":{"line":9,"column":57}}]},"3":{"type":"branch","line":10,"loc":{"start":{"line":10,"column":18},"end":{"line":10,"column":66}},"locations":[{"start":{"line":10,"column":18},"end":{"line":10,"column":66}}]},"4":{"type":"branch","line":12,"loc":{"start":{"line":12,"column":16},"end":{"line":46,"column":2}},"locations":[{"start":{"line":12,"column":16},"end":{"line":46,"column":2}}]},"5":{"type":"branch","line":28,"loc":{"start":{"line":28,"column":12},"end":{"line":43,"column":3}},"locations":[{"start":{"line":28,"column":12},"end":{"line":43,"column":3}}]},"6":{"type":"branch","line":32,"loc":{"start":{"line":32,"column":30},"end":{"line":32,"column":56}},"locations":[{"start":{"line":32,"column":30},"end":{"line":32,"column":56}}]},"7":{"type":"branch","line":32,"loc":{"start":{"line":32,"column":56},"end":{"line":32,"column":77}},"locations":[{"start":{"line":32,"column":56},"end":{"line":32,"column":77}}]},"8":{"type":"branch","line":32,"loc":{"start":{"line":32,"column":79},"end":{"line":34,"column":5}},"locations":[{"start":{"line":32,"column":79},"end":{"line":34,"column":5}}]},"9":{"type":"branch","line":34,"loc":{"start":{"line":34,"column":5},"end":{"line":41,"column":5}},"locations":[{"start":{"line":34,"column":5},"end":{"line":41,"column":5}}]},"10":{"type":"branch","line":34,"loc":{"start":{"line":34,"column":37},"end":{"line":34,"column":63}},"locations":[{"start":{"line":34,"column":37},"end":{"line":34,"column":63}}]},"11":{"type":"branch","line":34,"loc":{"start":{"line":34,"column":63},"end":{"line":34,"column":84}},"locations":[{"start":{"line":34,"column":63},"end":{"line":34,"column":84}}]},"12":{"type":"branch","line":34,"loc":{"start":{"line":34,"column":86},"end":{"line":37,"column":5}},"locations":[{"start":{"line":34,"column":86},"end":{"line":37,"column":5}}]},"13":{"type":"branch","line":37,"loc":{"start":{"line":37,"column":5},"end":{"line":41,"column":5}},"locations":[{"start":{"line":37,"column":5},"end":{"line":41,"column":5}}]},"14":{"type":"branch","line":37,"loc":{"start":{"line":37,"column":37},"end":{"line":37,"column":64}},"locations":[{"start":{"line":37,"column":37},"end":{"line":37,"column":64}}]},"15":{"type":"branch","line":37,"loc":{"start":{"line":37,"column":66},"end":{"line":39,"column":5}},"locations":[{"start":{"line":37,"column":66},"end":{"line":39,"column":5}}]},"16":{"type":"branch","line":39,"loc":{"start":{"line":39,"column":5},"end":{"line":41,"column":5}},"locations":[{"start":{"line":39,"column":5},"end":{"line":41,"column":5}}]}},"b":{"0":[4],"1":[2],"2":[2],"3":[2],"4":[1],"5":[5],"6":[4],"7":[2],"8":[1],"9":[4],"10":[3],"11":[1],"12":[1],"13":[3],"14":[2],"15":[2],"16":[1]},"fnMap":{"0":{"name":"getFilePath","decl":{"start":{"line":7,"column":21},"end":{"line":7,"column":71}},"loc":{"start":{"line":7,"column":21},"end":{"line":7,"column":71}},"line":7},"1":{"name":"getFileExtention","decl":{"start":{"line":8,"column":26},"end":{"line":8,"column":70}},"loc":{"start":{"line":8,"column":26},"end":{"line":8,"column":70}},"line":8},"2":{"name":"dataParse","decl":{"start":{"line":9,"column":18},"end":{"line":9,"column":57}},"loc":{"start":{"line":9,"column":18},"end":{"line":9,"column":57}},"line":9},"3":{"name":"readFile","decl":{"start":{"line":10,"column":18},"end":{"line":10,"column":66}},"loc":{"start":{"line":10,"column":18},"end":{"line":10,"column":66}},"line":10},"4":{"name":"gendiff","decl":{"start":{"line":12,"column":16},"end":{"line":46,"column":2}},"loc":{"start":{"line":12,"column":16},"end":{"line":46,"column":2}},"line":12}},"f":{"0":4,"1":2,"2":2,"3":2,"4":1}}
,"/home/saldfjj/workspace/frontend-project-46/src/keyParse.js": {"path":"/home/saldfjj/workspace/frontend-project-46/src/keyParse.js","all":false,"statementMap":{"0":{"start":{"line":1,"column":0},"end":{"line":1,"column":23}},"1":{"start":{"line":2,"column":0},"end":{"line":2,"column":0}},"2":{"start":{"line":3,"column":0},"end":{"line":3,"column":34}},"3":{"start":{"line":4,"column":0},"end":{"line":4,"column":35}},"4":{"start":{"line":5,"column":0},"end":{"line":5,"column":35}},"5":{"start":{"line":6,"column":0},"end":{"line":6,"column":49}},"6":{"start":{"line":7,"column":0},"end":{"line":7,"column":0}},"7":{"start":{"line":8,"column":0},"end":{"line":8,"column":16}},"8":{"start":{"line":9,"column":0},"end":{"line":9,"column":2}}},"s":{"0":1,"1":1,"2":1,"3":1,"4":1,"5":1,"6":1,"7":1,"8":1},"branchMap":{"0":{"type":"branch","line":3,"loc":{"start":{"line":3,"column":15},"end":{"line":9,"column":2}},"locations":[{"start":{"line":3,"column":15},"end":{"line":9,"column":2}}]}},"b":{"0":[1]},"fnMap":{"0":{"name":"default","decl":{"start":{"line":3,"column":15},"end":{"line":9,"column":2}},"loc":{"start":{"line":3,"column":15},"end":{"line":9,"column":2}},"line":3}},"f":{"0":1}}
,"/home/saldfjj/workspace/frontend-project-46/src/parse.js": {"path":"/home/saldfjj/workspace/frontend-project-46/src/parse.js","all":false,"statementMap":{"0":{"start":{"line":1,"column":0},"end":{"line":1,"column":16}},"1":{"start":{"line":2,"column":0},"end":{"line":2,"column":19}},"2":{"start":{"line":3,"column":0},"end":{"line":3,"column":2}},"3":{"start":{"line":4,"column":0},"end":{"line":4,"column":0}},"4":{"start":{"line":5,"column":0},"end":{"line":5,"column":35}},"5":{"start":{"line":6,"column":0},"end":{"line":6,"column":7}},"6":{"start":{"line":7,"column":0},"end":{"line":7,"column":33}},"7":{"start":{"line":8,"column":0},"end":{"line":8,"column":19}},"8":{"start":{"line":9,"column":0},"end":{"line":9,"column":56}},"9":{"start":{"line":10,"column":0},"end":{"line":10,"column":3}},"10":{"start":{"line":11,"column":0},"end":{"line":11,"column":2}}},"s":{"0":1,"1":1,"2":1,"3":1,"4":1,"5":2,"6":2,"7":2,"8":0,"9":0,"10":2},"branchMap":{"0":{"type":"branch","line":5,"loc":{"start":{"line":5,"column":15},"end":{"line":11,"column":2}},"locations":[{"start":{"line":5,"column":15},"end":{"line":11,"column":2}}]},"1":{"type":"branch","line":8,"loc":{"start":{"line":8,"column":4},"end":{"line":10,"column":3}},"locations":[{"start":{"line":8,"column":4},"end":{"line":10,"column":3}}]}},"b":{"0":[2],"1":[0]},"fnMap":{"0":{"name":"default","decl":{"start":{"line":5,"column":15},"end":{"line":11,"column":2}},"loc":{"start":{"line":5,"column":15},"end":{"line":11,"column":2}},"line":5}},"f":{"0":2}}
}
