TN:
SF:src/index.js
FN:7,getFilePath
FN:8,getFileExtention
FN:9,dataParse
FN:10,readFile
FN:12,gendiff
FNF:5
FNH:5
FNDA:4,getFilePath
FNDA:2,getFileExtention
FNDA:2,dataParse
FNDA:2,readFile
FNDA:1,gendiff
DA:1,1
DA:2,1
DA:3,1
DA:4,1
DA:5,1
DA:6,1
DA:7,1
DA:8,1
DA:9,1
DA:10,1
DA:11,1
DA:12,1
DA:13,1
DA:14,1
DA:15,1
DA:16,1
DA:17,1
DA:18,1
DA:19,1
DA:20,1
DA:21,1
DA:22,1
DA:23,1
DA:24,1
DA:25,1
DA:26,1
DA:27,1
DA:28,1
DA:29,5
DA:30,5
DA:31,5
DA:32,5
DA:33,1
DA:34,5
DA:35,1
DA:36,1
DA:37,4
DA:38,2
DA:39,3
DA:40,1
DA:41,1
DA:42,5
DA:43,1
DA:44,1
DA:45,1
DA:46,1
DA:47,1
DA:48,1
LF:48
LH:48
BRDA:7,0,0,4
BRDA:8,1,0,2
BRDA:9,2,0,2
BRDA:10,3,0,2
BRDA:12,4,0,1
BRDA:28,5,0,5
BRDA:32,6,0,4
BRDA:32,7,0,2
BRDA:32,8,0,1
BRDA:34,9,0,4
BRDA:34,10,0,3
BRDA:34,11,0,1
BRDA:34,12,0,1
BRDA:37,13,0,3
BRDA:37,14,0,2
BRDA:37,15,0,2
BRDA:39,16,0,1
BRF:17
BRH:17
end_of_record
TN:
SF:src/keyParse.js
FN:3,default
FNF:1
FNH:1
FNDA:1,default
DA:1,1
DA:2,1
DA:3,1
DA:4,1
DA:5,1
DA:6,1
DA:7,1
DA:8,1
DA:9,1
LF:9
LH:9
BRDA:3,0,0,1
BRF:1
BRH:1
end_of_record
TN:
SF:src/parse.js
FN:5,default
FNF:1
FNH:1
FNDA:2,default
DA:1,1
DA:2,1
DA:3,1
DA:4,1
DA:5,1
DA:6,2
DA:7,2
DA:8,2
DA:9,0
DA:10,0
DA:11,2
LF:11
LH:9
BRDA:5,0,0,2
BRDA:8,1,0,0
BRF:2
BRH:1
end_of_record
