TN:
SF:src/index.js
FN:7,getFilePath
FN:8,getFileExtention
FN:9,dataParse
FN:10,readFile
FN:12,gendiff
FNF:5
FNH:5
FNDA:12,getFilePath
FNDA:6,getFileExtention
FNDA:6,dataParse
FNDA:6,readFile
FNDA:3,gendiff
DA:1,1
DA:2,1
DA:3,1
DA:4,1
DA:5,1
DA:6,1
DA:7,1
DA:8,1
DA:9,1
DA:10,1
DA:11,1
DA:12,1
DA:13,3
DA:14,3
DA:15,3
DA:16,3
DA:17,3
DA:18,3
DA:19,3
DA:20,3
DA:21,3
DA:22,3
DA:23,3
DA:24,3
DA:25,3
DA:26,3
DA:27,3
DA:28,3
DA:29,15
DA:30,15
DA:31,15
DA:32,15
DA:33,3
DA:34,15
DA:35,3
DA:36,3
DA:37,12
DA:38,6
DA:39,9
DA:40,3
DA:41,3
DA:42,15
DA:43,3
DA:44,3
DA:45,3
DA:46,3
DA:47,1
DA:48,1
LF:48
LH:48
BRDA:7,0,0,12
BRDA:8,1,0,6
BRDA:9,2,0,6
BRDA:10,3,0,6
BRDA:12,4,0,3
BRDA:28,5,0,15
BRDA:32,6,0,12
BRDA:32,7,0,6
BRDA:32,8,0,3
BRDA:34,9,0,12
BRDA:34,10,0,9
BRDA:34,11,0,3
BRDA:34,12,0,3
BRDA:37,13,0,9
BRDA:37,14,0,6
BRDA:37,15,0,6
BRDA:39,16,0,3
BRF:17
BRH:17
end_of_record
TN:
SF:src/keyParse.js
FN:3,default
FNF:1
FNH:1
FNDA:3,default
DA:1,1
DA:2,1
DA:3,1
DA:4,3
DA:5,3
DA:6,3
DA:7,3
DA:8,3
DA:9,3
LF:9
LH:9
BRDA:3,0,0,3
BRF:1
BRH:1
end_of_record
TN:
SF:src/parsers.js
FN:9,default
FNF:1
FNH:1
FNDA:6,default
DA:1,1
DA:2,1
DA:3,1
DA:4,1
DA:5,1
DA:6,1
DA:7,1
DA:8,1
DA:9,1
LF:9
LH:9
BRDA:9,0,0,6
BRF:1
BRH:1
end_of_record
